<?xml version="1.0" encoding="UTF-8"?>
<!-- Generated by org.testng.reporters.JUnitReportReporter -->
<testsuite skipped="0" hostname="LenTop" name="seleniumGroup.FirstTest" tests="1" failures="0" timestamp="28 мая 2017 20:07:33 GMT" time="8.013" errors="0">
  <testcase name="firstTest" time="8.013" classname="seleniumGroup.FirstTest"/>
</testsuite> <!-- seleniumGroup.FirstTest -->
